<?xml version="1.0" encoding="UTF-8"?>
<testsuite name="io.turtlemessenger.TurtleMessengerApplicationTests" tests="1" skipped="0" failures="0" errors="0" timestamp="2025-09-07T19:52:47" hostname="DESKTOP-I7PCMKQ" time="0.258">
  <properties/>
  <testcase name="contextLoads()" classname="io.turtlemessenger.TurtleMessengerApplicationTests" time="0.258"/>
  <system-out><![CDATA[15:52:43.924 [Test worker] INFO org.springframework.test.context.support.AnnotationConfigContextLoaderUtils -- Could not detect default configuration classes for test class [io.turtlemessenger.TurtleMessengerApplicationTests]: TurtleMessengerApplicationTests does not declare any static, non-private, non-final, nested classes annotated with @Configuration.
15:52:43.989 [Test worker] INFO org.springframework.boot.test.context.SpringBootTestContextBootstrapper -- Found @SpringBootConfiguration io.turtlemessenger.TurtleMessengerApplication for test class io.turtlemessenger.TurtleMessengerApplicationTests
  .   ____          _            __ _ _
 /\\ / ___'_ __ _ _(_)_ __  __ _ \ \ \ \
( ( )\___ | '_ | '_| | '_ \/ _` | \ \ \ \
 \\/  ___)| |_)| | | | | || (_| |  ) ) ) )
  '  |____| .__|_| |_|_| |_\__, | / / / /
 =========|_|==============|___/=/_/_/_/

 :: Spring Boot ::                (v3.3.0)

2025-09-07T15:52:44.299-04:00  INFO 23548 --- [    Test worker] i.t.TurtleMessengerApplicationTests      : Starting TurtleMessengerApplicationTests using Java 17.0.3 with PID 23548 (started by hello in C:\Users\hello\Turtles\TurtleMessenger)
2025-09-07T15:52:44.300-04:00  INFO 23548 --- [    Test worker] i.t.TurtleMessengerApplicationTests      : No active profile set, falling back to 1 default profile: "default"
2025-09-07T15:52:44.859-04:00  INFO 23548 --- [    Test worker] .s.d.r.c.RepositoryConfigurationDelegate : Bootstrapping Spring Data JPA repositories in DEFAULT mode.
2025-09-07T15:52:44.919-04:00  INFO 23548 --- [    Test worker] .s.d.r.c.RepositoryConfigurationDelegate : Finished Spring Data repository scanning in 54 ms. Found 4 JPA repository interfaces.
2025-09-07T15:52:45.471-04:00  INFO 23548 --- [    Test worker] o.hibernate.jpa.internal.util.LogHelper  : HHH000204: Processing PersistenceUnitInfo [name: default]
2025-09-07T15:52:45.556-04:00  INFO 23548 --- [    Test worker] org.hibernate.Version                    : HHH000412: Hibernate ORM core version 6.5.2.Final
2025-09-07T15:52:45.577-04:00  INFO 23548 --- [    Test worker] o.h.c.internal.RegionFactoryInitiator    : HHH000026: Second-level cache disabled
2025-09-07T15:52:45.819-04:00  INFO 23548 --- [    Test worker] o.s.o.j.p.SpringPersistenceUnitInfo      : No LoadTimeWeaver setup: ignoring JPA class transformer
2025-09-07T15:52:45.837-04:00  INFO 23548 --- [    Test worker] com.zaxxer.hikari.HikariDataSource       : HikariPool-1 - Starting...
2025-09-07T15:52:45.899-04:00  INFO 23548 --- [    Test worker] com.zaxxer.hikari.pool.HikariPool        : HikariPool-1 - Added connection org.sqlite.jdbc4.JDBC4Connection@4537880f
2025-09-07T15:52:45.900-04:00  INFO 23548 --- [    Test worker] com.zaxxer.hikari.HikariDataSource       : HikariPool-1 - Start completed.
2025-09-07T15:52:46.391-04:00  INFO 23548 --- [    Test worker] o.h.e.t.j.p.i.JtaPlatformInitiator       : HHH000489: No JTA platform available (set 'hibernate.transaction.jta.platform' to enable JTA platform integration)
2025-09-07T15:52:46.419-04:00  INFO 23548 --- [    Test worker] j.LocalContainerEntityManagerFactoryBean : Initialized JPA EntityManagerFactory for persistence unit 'default'
2025-09-07T15:52:46.981-04:00  WARN 23548 --- [    Test worker] JpaBaseConfiguration$JpaWebConfiguration : spring.jpa.open-in-view is enabled by default. Therefore, database queries may be performed during view rendering. Explicitly configure spring.jpa.open-in-view to disable this warning
2025-09-07T15:52:47.013-04:00  WARN 23548 --- [    Test worker] .s.s.UserDetailsServiceAutoConfiguration : 

Using generated security password: e8aaf2d6-810a-47b1-88e8-d479e90fac79

This generated password is for development use only. Your security configuration must be updated before running your application in production.

2025-09-07T15:52:47.035-04:00  INFO 23548 --- [    Test worker] r$InitializeUserDetailsManagerConfigurer : Global AuthenticationManager configured with UserDetailsService bean with name inMemoryUserDetailsManager
2025-09-07T15:52:47.299-04:00  INFO 23548 --- [    Test worker] o.s.s.web.DefaultSecurityFilterChain     : Will secure any request with [org.springframework.security.web.session.DisableEncodeUrlFilter@67b1c3af, org.springframework.security.web.context.request.async.WebAsyncManagerIntegrationFilter@2e243122, org.springframework.security.web.context.SecurityContextHolderFilter@1e9d6c78, org.springframework.security.web.header.HeaderWriterFilter@3f7f9d3f, org.springframework.web.filter.CorsFilter@2a5c115b, org.springframework.security.web.authentication.logout.LogoutFilter@5e8bc83e, io.turtlemessenger.security.JwtAuthFilter@49b6373f, org.springframework.security.web.savedrequest.RequestCacheAwareFilter@52df6d0f, org.springframework.security.web.servletapi.SecurityContextHolderAwareRequestFilter@f5a680, org.springframework.security.web.authentication.AnonymousAuthenticationFilter@20f3291d, org.springframework.security.web.session.SessionManagementFilter@655b9169, org.springframework.security.web.access.ExceptionTranslationFilter@118f39f3, org.springframework.security.web.access.intercept.AuthorizationFilter@3e8eea59]
2025-09-07T15:52:47.698-04:00  INFO 23548 --- [    Test worker] o.s.m.s.b.SimpleBrokerMessageHandler     : Starting...
2025-09-07T15:52:47.699-04:00  INFO 23548 --- [    Test worker] o.s.m.s.b.SimpleBrokerMessageHandler     : BrokerAvailabilityEvent[available=true, SimpleBrokerMessageHandler [org.springframework.messaging.simp.broker.DefaultSubscriptionRegistry@1f41f259]]
2025-09-07T15:52:47.701-04:00  INFO 23548 --- [    Test worker] o.s.m.s.b.SimpleBrokerMessageHandler     : Started.
2025-09-07T15:52:47.720-04:00  INFO 23548 --- [    Test worker] i.t.TurtleMessengerApplicationTests      : Started TurtleMessengerApplicationTests in 3.57 seconds (process running for 4.329)
]]></system-out>
  <system-err><![CDATA[]]></system-err>
</testsuite>
