<?xml version="1.0" encoding="UTF-8"?>
<testsuite name="io.turtlemessenger.TurtleMessengerApplicationTests" tests="1" skipped="0" failures="0" errors="0" timestamp="2025-07-12T16:30:39.625Z" hostname="DESKTOP-I7PCMKQ" time="0.392">
  <properties/>
  <testcase name="contextLoads()" classname="io.turtlemessenger.TurtleMessengerApplicationTests" time="0.392"/>
  <system-out><![CDATA[12:30:36.358 [Test worker] INFO org.springframework.test.context.support.AnnotationConfigContextLoaderUtils -- Could not detect default configuration classes for test class [io.turtlemessenger.TurtleMessengerApplicationTests]: TurtleMessengerApplicationTests does not declare any static, non-private, non-final, nested classes annotated with @Configuration.
12:30:36.423 [Test worker] INFO org.springframework.boot.test.context.SpringBootTestContextBootstrapper -- Found @SpringBootConfiguration io.turtlemessenger.TurtleMessengerApplication for test class io.turtlemessenger.TurtleMessengerApplicationTests
  .   ____          _            __ _ _
 /\\ / ___'_ __ _ _(_)_ __  __ _ \ \ \ \
( ( )\___ | '_ | '_| | '_ \/ _` | \ \ \ \
 \\/  ___)| |_)| | | | | || (_| |  ) ) ) )
  '  |____| .__|_| |_|_| |_\__, | / / / /
 =========|_|==============|___/=/_/_/_/

 :: Spring Boot ::                (v3.3.0)

2025-07-12T12:30:36.715-04:00  INFO 17056 --- [    Test worker] i.t.TurtleMessengerApplicationTests      : Starting TurtleMessengerApplicationTests using Java 17.0.3 with PID 17056 (started by hello in C:\Users\hello\IdeaProjects\TurtleMessenger)
2025-07-12T12:30:36.716-04:00  INFO 17056 --- [    Test worker] i.t.TurtleMessengerApplicationTests      : No active profile set, falling back to 1 default profile: "default"
2025-07-12T12:30:37.157-04:00  INFO 17056 --- [    Test worker] .s.d.r.c.RepositoryConfigurationDelegate : Bootstrapping Spring Data JPA repositories in DEFAULT mode.
2025-07-12T12:30:37.208-04:00  INFO 17056 --- [    Test worker] .s.d.r.c.RepositoryConfigurationDelegate : Finished Spring Data repository scanning in 45 ms. Found 1 JPA repository interface.
2025-07-12T12:30:37.662-04:00  INFO 17056 --- [    Test worker] o.hibernate.jpa.internal.util.LogHelper  : HHH000204: Processing PersistenceUnitInfo [name: default]
2025-07-12T12:30:37.711-04:00  INFO 17056 --- [    Test worker] org.hibernate.Version                    : HHH000412: Hibernate ORM core version 6.5.2.Final
2025-07-12T12:30:37.732-04:00  INFO 17056 --- [    Test worker] o.h.c.internal.RegionFactoryInitiator    : HHH000026: Second-level cache disabled
2025-07-12T12:30:37.967-04:00  INFO 17056 --- [    Test worker] o.s.o.j.p.SpringPersistenceUnitInfo      : No LoadTimeWeaver setup: ignoring JPA class transformer
2025-07-12T12:30:38.000-04:00  INFO 17056 --- [    Test worker] com.zaxxer.hikari.HikariDataSource       : HikariPool-1 - Starting...
2025-07-12T12:30:38.067-04:00  INFO 17056 --- [    Test worker] com.zaxxer.hikari.pool.HikariPool        : HikariPool-1 - Added connection org.sqlite.jdbc4.JDBC4Connection@d66502
2025-07-12T12:30:38.068-04:00  INFO 17056 --- [    Test worker] com.zaxxer.hikari.HikariDataSource       : HikariPool-1 - Start completed.
2025-07-12T12:30:38.518-04:00  INFO 17056 --- [    Test worker] o.h.e.t.j.p.i.JtaPlatformInitiator       : HHH000489: No JTA platform available (set 'hibernate.transaction.jta.platform' to enable JTA platform integration)
2025-07-12T12:30:38.557-04:00  INFO 17056 --- [    Test worker] j.LocalContainerEntityManagerFactoryBean : Initialized JPA EntityManagerFactory for persistence unit 'default'
2025-07-12T12:30:38.703-04:00  WARN 17056 --- [    Test worker] JpaBaseConfiguration$JpaWebConfiguration : spring.jpa.open-in-view is enabled by default. Therefore, database queries may be performed during view rendering. Explicitly configure spring.jpa.open-in-view to disable this warning
2025-07-12T12:30:39.574-04:00  INFO 17056 --- [    Test worker] i.t.TurtleMessengerApplicationTests      : Started TurtleMessengerApplicationTests in 3.019 seconds (process running for 3.739)
]]></system-out>
  <system-err><![CDATA[]]></system-err>
</testsuite>
